{"/Users/arun/Desktop/Desktop/Portfolios/my-portfolio/src/app.js": {"path":"/Users/arun/Desktop/Desktop/Portfolios/my-portfolio/src/app.js","statementMap":{"0":{"start":{"line":10,"column":4},"end":{"line":10,"column":12}},"1":{"start":{"line":13,"column":4},"end":{"line":27,"column":6}}},"fnMap":{"0":{"name":"(anonymous_0)","decl":{"start":{"line":9,"column":2},"end":{"line":9,"column":3}},"loc":{"start":{"line":9,"column":16},"end":{"line":11,"column":3}},"line":9},"1":{"name":"(anonymous_1)","decl":{"start":{"line":12,"column":2},"end":{"line":12,"column":3}},"loc":{"start":{"line":12,"column":11},"end":{"line":28,"column":3}},"line":12}},"branchMap":{},"s":{"0":0,"1":0},"f":{"0":0,"1":0},"b":{}}
,"/Users/arun/Desktop/Desktop/Portfolios/my-portfolio/src/app.routing.js": {"path":"/Users/arun/Desktop/Desktop/Portfolios/my-portfolio/src/app.routing.js","statementMap":{"0":{"start":{"line":6,"column":2},"end":{"line":10,"column":11}}},"fnMap":{},"branchMap":{},"s":{"0":0},"f":{},"b":{}}
,"/Users/arun/Desktop/Desktop/Portfolios/my-portfolio/src/index.js": {"path":"/Users/arun/Desktop/Desktop/Portfolios/my-portfolio/src/index.js","statementMap":{"0":{"start":{"line":5,"column":24},"end":{"line":5,"column":59}},"1":{"start":{"line":6,"column":26},"end":{"line":6,"column":32}},"2":{"start":{"line":8,"column":0},"end":{"line":8,"column":52}}},"fnMap":{},"branchMap":{},"s":{"0":0,"1":0,"2":0},"f":{},"b":{}}
,"/Users/arun/Desktop/Desktop/Portfolios/my-portfolio/src/BaseComponents/UserContext.js": {"path":"/Users/arun/Desktop/Desktop/Portfolios/my-portfolio/src/BaseComponents/UserContext.js","statementMap":{"0":{"start":{"line":3,"column":31},"end":{"line":3,"column":60}},"1":{"start":{"line":3,"column":37},"end":{"line":3,"column":60}},"2":{"start":{"line":5,"column":20},"end":{"line":5,"column":43}},"3":{"start":{"line":7,"column":35},"end":{"line":7,"column":55}}},"fnMap":{"0":{"name":"(anonymous_0)","decl":{"start":{"line":3,"column":31},"end":{"line":3,"column":32}},"loc":{"start":{"line":3,"column":37},"end":{"line":3,"column":60}},"line":3}},"branchMap":{},"s":{"0":4,"1":0,"2":4,"3":4},"f":{"0":0},"b":{},"_coverageSchema":"1a1c01bbd47fc00a2c39e90264f33305004495a9","hash":"64c7edd1893eb92b4d85f092ed126f81e41fdb0f"}
,"/Users/arun/Desktop/Desktop/Portfolios/my-portfolio/src/BaseComponents/ab.component.js": {"path":"/Users/arun/Desktop/Desktop/Portfolios/my-portfolio/src/BaseComponents/ab.component.js","statementMap":{"0":{"start":{"line":5,"column":14},"end":{"line":5,"column":100}},"1":{"start":{"line":5,"column":25},"end":{"line":5,"column":99}},"2":{"start":{"line":6,"column":15},"end":{"line":6,"column":104}},"3":{"start":{"line":6,"column":26},"end":{"line":6,"column":103}},"4":{"start":{"line":7,"column":17},"end":{"line":7,"column":122}},"5":{"start":{"line":7,"column":28},"end":{"line":7,"column":121}},"6":{"start":{"line":8,"column":15},"end":{"line":8,"column":103}},"7":{"start":{"line":8,"column":26},"end":{"line":8,"column":102}},"8":{"start":{"line":9,"column":27},"end":{"line":9,"column":124}},"9":{"start":{"line":9,"column":38},"end":{"line":9,"column":123}},"10":{"start":{"line":16,"column":17},"end":{"line":16,"column":37}},"11":{"start":{"line":17,"column":15},"end":{"line":17,"column":30}},"12":{"start":{"line":18,"column":2},"end":{"line":44,"column":4}}},"fnMap":{"0":{"name":"(anonymous_0)","decl":{"start":{"line":5,"column":19},"end":{"line":5,"column":20}},"loc":{"start":{"line":5,"column":25},"end":{"line":5,"column":99}},"line":5},"1":{"name":"(anonymous_1)","decl":{"start":{"line":6,"column":20},"end":{"line":6,"column":21}},"loc":{"start":{"line":6,"column":26},"end":{"line":6,"column":103}},"line":6},"2":{"name":"(anonymous_2)","decl":{"start":{"line":7,"column":22},"end":{"line":7,"column":23}},"loc":{"start":{"line":7,"column":28},"end":{"line":7,"column":121}},"line":7},"3":{"name":"(anonymous_3)","decl":{"start":{"line":8,"column":20},"end":{"line":8,"column":21}},"loc":{"start":{"line":8,"column":26},"end":{"line":8,"column":102}},"line":8},"4":{"name":"(anonymous_4)","decl":{"start":{"line":9,"column":32},"end":{"line":9,"column":33}},"loc":{"start":{"line":9,"column":38},"end":{"line":9,"column":123}},"line":9},"5":{"name":"AbComponent","decl":{"start":{"line":15,"column":24},"end":{"line":15,"column":35}},"loc":{"start":{"line":15,"column":38},"end":{"line":45,"column":1}},"line":15}},"branchMap":{},"s":{"0":0,"1":0,"2":0,"3":0,"4":0,"5":0,"6":0,"7":0,"8":0,"9":0,"10":0,"11":0,"12":0},"f":{"0":0,"1":0,"2":0,"3":0,"4":0,"5":0},"b":{}}
,"/Users/arun/Desktop/Desktop/Portfolios/my-portfolio/src/BaseComponents/gs.component.js": {"path":"/Users/arun/Desktop/Desktop/Portfolios/my-portfolio/src/BaseComponents/gs.component.js","statementMap":{"0":{"start":{"line":6,"column":14},"end":{"line":6,"column":100}},"1":{"start":{"line":6,"column":25},"end":{"line":6,"column":99}},"2":{"start":{"line":7,"column":15},"end":{"line":7,"column":104}},"3":{"start":{"line":7,"column":26},"end":{"line":7,"column":103}},"4":{"start":{"line":8,"column":17},"end":{"line":8,"column":122}},"5":{"start":{"line":8,"column":28},"end":{"line":8,"column":121}},"6":{"start":{"line":9,"column":15},"end":{"line":9,"column":103}},"7":{"start":{"line":9,"column":26},"end":{"line":9,"column":102}},"8":{"start":{"line":10,"column":15},"end":{"line":10,"column":104}},"9":{"start":{"line":10,"column":26},"end":{"line":10,"column":103}},"10":{"start":{"line":12,"column":27},"end":{"line":12,"column":123}},"11":{"start":{"line":12,"column":38},"end":{"line":12,"column":122}},"12":{"start":{"line":18,"column":17},"end":{"line":18,"column":37}},"13":{"start":{"line":19,"column":15},"end":{"line":19,"column":30}},"14":{"start":{"line":20,"column":2},"end":{"line":46,"column":4}}},"fnMap":{"0":{"name":"(anonymous_0)","decl":{"start":{"line":6,"column":19},"end":{"line":6,"column":20}},"loc":{"start":{"line":6,"column":25},"end":{"line":6,"column":99}},"line":6},"1":{"name":"(anonymous_1)","decl":{"start":{"line":7,"column":20},"end":{"line":7,"column":21}},"loc":{"start":{"line":7,"column":26},"end":{"line":7,"column":103}},"line":7},"2":{"name":"(anonymous_2)","decl":{"start":{"line":8,"column":22},"end":{"line":8,"column":23}},"loc":{"start":{"line":8,"column":28},"end":{"line":8,"column":121}},"line":8},"3":{"name":"(anonymous_3)","decl":{"start":{"line":9,"column":20},"end":{"line":9,"column":21}},"loc":{"start":{"line":9,"column":26},"end":{"line":9,"column":102}},"line":9},"4":{"name":"(anonymous_4)","decl":{"start":{"line":10,"column":20},"end":{"line":10,"column":21}},"loc":{"start":{"line":10,"column":26},"end":{"line":10,"column":103}},"line":10},"5":{"name":"(anonymous_5)","decl":{"start":{"line":12,"column":32},"end":{"line":12,"column":33}},"loc":{"start":{"line":12,"column":38},"end":{"line":12,"column":122}},"line":12},"6":{"name":"GsComponent","decl":{"start":{"line":17,"column":24},"end":{"line":17,"column":35}},"loc":{"start":{"line":17,"column":38},"end":{"line":47,"column":1}},"line":17}},"branchMap":{},"s":{"0":0,"1":0,"2":0,"3":0,"4":0,"5":0,"6":0,"7":0,"8":0,"9":0,"10":0,"11":0,"12":0,"13":0,"14":0},"f":{"0":0,"1":0,"2":0,"3":0,"4":0,"5":0,"6":0},"b":{}}
,"/Users/arun/Desktop/Desktop/Portfolios/my-portfolio/src/components/Navigation/nav-link.component.js": {"path":"/Users/arun/Desktop/Desktop/Portfolios/my-portfolio/src/components/Navigation/nav-link.component.js","statementMap":{"0":{"start":{"line":6,"column":2},"end":{"line":13,"column":4}}},"fnMap":{"0":{"name":"CustomNavLink","decl":{"start":{"line":5,"column":9},"end":{"line":5,"column":22}},"loc":{"start":{"line":5,"column":36},"end":{"line":14,"column":1}},"line":5}},"branchMap":{},"s":{"0":1},"f":{"0":1},"b":{},"_coverageSchema":"1a1c01bbd47fc00a2c39e90264f33305004495a9","hash":"72aa08dc0fa84a263f4f7042ed8937de027dd3e8"}
,"/Users/arun/Desktop/Desktop/Portfolios/my-portfolio/src/components/bar-chart/bar-chart.js": {"path":"/Users/arun/Desktop/Desktop/Portfolios/my-portfolio/src/components/bar-chart/bar-chart.js","statementMap":{"0":{"start":{"line":7,"column":21},"end":{"line":7,"column":51}},"1":{"start":{"line":8,"column":21},"end":{"line":11,"column":6}},"2":{"start":{"line":10,"column":6},"end":{"line":10,"column":18}},"3":{"start":{"line":13,"column":20},"end":{"line":43,"column":5}},"4":{"start":{"line":44,"column":18},"end":{"line":56,"column":5}},"5":{"start":{"line":58,"column":4},"end":{"line":66,"column":6}}},"fnMap":{"0":{"name":"(anonymous_0)","decl":{"start":{"line":6,"column":2},"end":{"line":6,"column":3}},"loc":{"start":{"line":6,"column":11},"end":{"line":67,"column":3}},"line":6},"1":{"name":"(anonymous_1)","decl":{"start":{"line":8,"column":58},"end":{"line":8,"column":59}},"loc":{"start":{"line":8,"column":68},"end":{"line":11,"column":5}},"line":8}},"branchMap":{"0":{"loc":{"start":{"line":20,"column":23},"end":{"line":20,"column":70}},"type":"cond-expr","locations":[{"start":{"line":20,"column":58},"end":{"line":20,"column":63}},{"start":{"line":20,"column":66},"end":{"line":20,"column":70}}],"line":20},"1":{"loc":{"start":{"line":38,"column":23},"end":{"line":38,"column":70}},"type":"cond-expr","locations":[{"start":{"line":38,"column":58},"end":{"line":38,"column":62}},{"start":{"line":38,"column":65},"end":{"line":38,"column":70}}],"line":38},"2":{"loc":{"start":{"line":60,"column":9},"end":{"line":64,"column":9}},"type":"cond-expr","locations":[{"start":{"line":61,"column":10},"end":{"line":61,"column":82}},{"start":{"line":63,"column":10},"end":{"line":63,"column":72}}],"line":60}},"s":{"0":7,"1":7,"2":7,"3":7,"4":7,"5":7},"f":{"0":7,"1":7},"b":{"0":[3,4],"1":[3,4],"2":[3,4]},"_coverageSchema":"1a1c01bbd47fc00a2c39e90264f33305004495a9","hash":"a41755a0e322d8d7b5bbe2235ec70ce9dd709935"}
,"/Users/arun/Desktop/Desktop/Portfolios/my-portfolio/src/components/circular-progress/progress.component.js": {"path":"/Users/arun/Desktop/Desktop/Portfolios/my-portfolio/src/components/circular-progress/progress.component.js","statementMap":{"0":{"start":{"line":8,"column":4},"end":{"line":16,"column":6}}},"fnMap":{"0":{"name":"(anonymous_0)","decl":{"start":{"line":7,"column":2},"end":{"line":7,"column":3}},"loc":{"start":{"line":7,"column":11},"end":{"line":17,"column":3}},"line":7}},"branchMap":{},"s":{"0":1},"f":{"0":1},"b":{},"_coverageSchema":"1a1c01bbd47fc00a2c39e90264f33305004495a9","hash":"2e4c5a1388e7ebbb65ddcc1c24081a1d87e16487"}
,"/Users/arun/Desktop/Desktop/Portfolios/my-portfolio/src/components/doughnut-chart/doughnut-chart.js": {"path":"/Users/arun/Desktop/Desktop/Portfolios/my-portfolio/src/components/doughnut-chart/doughnut-chart.js","statementMap":{"0":{"start":{"line":6,"column":21},"end":{"line":6,"column":51}},"1":{"start":{"line":7,"column":21},"end":{"line":9,"column":6}},"2":{"start":{"line":8,"column":6},"end":{"line":8,"column":30}},"3":{"start":{"line":10,"column":18},"end":{"line":21,"column":5}},"4":{"start":{"line":23,"column":4},"end":{"line":37,"column":6}}},"fnMap":{"0":{"name":"(anonymous_0)","decl":{"start":{"line":5,"column":2},"end":{"line":5,"column":3}},"loc":{"start":{"line":5,"column":11},"end":{"line":38,"column":3}},"line":5},"1":{"name":"(anonymous_1)","decl":{"start":{"line":7,"column":58},"end":{"line":7,"column":59}},"loc":{"start":{"line":7,"column":68},"end":{"line":9,"column":5}},"line":7}},"branchMap":{},"s":{"0":2,"1":2,"2":2,"3":2,"4":2},"f":{"0":2,"1":2},"b":{},"_coverageSchema":"1a1c01bbd47fc00a2c39e90264f33305004495a9","hash":"db2e684def42e7d165ba6f37ecf006a5615fea4b"}
,"/Users/arun/Desktop/Desktop/Portfolios/my-portfolio/src/components/drawer/drawer.component.js": {"path":"/Users/arun/Desktop/Desktop/Portfolios/my-portfolio/src/components/drawer/drawer.component.js","statementMap":{"0":{"start":{"line":11,"column":18},"end":{"line":11,"column":41}},"1":{"start":{"line":13,"column":20},"end":{"line":13,"column":42}},"2":{"start":{"line":14,"column":14},"end":{"line":14,"column":29}},"3":{"start":{"line":16,"column":25},"end":{"line":37,"column":3}},"4":{"start":{"line":38,"column":2},"end":{"line":57,"column":4}},"5":{"start":{"line":48,"column":12},"end":{"line":52,"column":14}}},"fnMap":{"0":{"name":"Drawer","decl":{"start":{"line":10,"column":9},"end":{"line":10,"column":15}},"loc":{"start":{"line":10,"column":18},"end":{"line":58,"column":1}},"line":10},"1":{"name":"(anonymous_1)","decl":{"start":{"line":47,"column":30},"end":{"line":47,"column":31}},"loc":{"start":{"line":47,"column":47},"end":{"line":53,"column":11}},"line":47}},"branchMap":{},"s":{"0":1,"1":1,"2":1,"3":1,"4":1,"5":4},"f":{"0":1,"1":4},"b":{},"_coverageSchema":"1a1c01bbd47fc00a2c39e90264f33305004495a9","hash":"1ccbfa40a4836cce5641a1112b30055f402babea"}
,"/Users/arun/Desktop/Desktop/Portfolios/my-portfolio/src/components/pie-chart/pie-chart.js": {"path":"/Users/arun/Desktop/Desktop/Portfolios/my-portfolio/src/components/pie-chart/pie-chart.js","statementMap":{"0":{"start":{"line":6,"column":21},"end":{"line":6,"column":51}},"1":{"start":{"line":7,"column":21},"end":{"line":9,"column":6}},"2":{"start":{"line":8,"column":6},"end":{"line":8,"column":30}},"3":{"start":{"line":10,"column":20},"end":{"line":19,"column":5}},"4":{"start":{"line":20,"column":18},"end":{"line":31,"column":5}},"5":{"start":{"line":33,"column":4},"end":{"line":33,"column":50}}},"fnMap":{"0":{"name":"(anonymous_0)","decl":{"start":{"line":5,"column":2},"end":{"line":5,"column":3}},"loc":{"start":{"line":5,"column":11},"end":{"line":34,"column":3}},"line":5},"1":{"name":"(anonymous_1)","decl":{"start":{"line":7,"column":58},"end":{"line":7,"column":59}},"loc":{"start":{"line":7,"column":68},"end":{"line":9,"column":5}},"line":7}},"branchMap":{},"s":{"0":3,"1":3,"2":3,"3":3,"4":3,"5":3},"f":{"0":3,"1":3},"b":{},"_coverageSchema":"1a1c01bbd47fc00a2c39e90264f33305004495a9","hash":"ab08bbf5ab5e5203db1bfae16366e5478bccc133"}
,"/Users/arun/Desktop/Desktop/Portfolios/my-portfolio/src/content/arun.js": {"path":"/Users/arun/Desktop/Desktop/Portfolios/my-portfolio/src/content/arun.js","statementMap":{"0":{"start":{"line":1,"column":18},"end":{"line":113,"column":1}}},"fnMap":{},"branchMap":{},"s":{"0":0},"f":{},"b":{}}
,"/Users/arun/Desktop/Desktop/Portfolios/my-portfolio/src/content/gomathy.js": {"path":"/Users/arun/Desktop/Desktop/Portfolios/my-portfolio/src/content/gomathy.js","statementMap":{"0":{"start":{"line":1,"column":18},"end":{"line":139,"column":1}}},"fnMap":{},"branchMap":{},"s":{"0":0},"f":{},"b":{}}
,"/Users/arun/Desktop/Desktop/Portfolios/my-portfolio/src/content/gomathy_desc.js": {"path":"/Users/arun/Desktop/Desktop/Portfolios/my-portfolio/src/content/gomathy_desc.js","statementMap":{"0":{"start":{"line":1,"column":18},"end":{"line":197,"column":1}}},"fnMap":{},"branchMap":{},"s":{"0":1},"f":{},"b":{},"_coverageSchema":"1a1c01bbd47fc00a2c39e90264f33305004495a9","hash":"4afb3f749ea93bb03b2958dd57abfa4bd7e3e7fe"}
,"/Users/arun/Desktop/Desktop/Portfolios/my-portfolio/src/content/short_desc.js": {"path":"/Users/arun/Desktop/Desktop/Portfolios/my-portfolio/src/content/short_desc.js","statementMap":{"0":{"start":{"line":1,"column":18},"end":{"line":289,"column":1}}},"fnMap":{},"branchMap":{},"s":{"0":5},"f":{},"b":{},"_coverageSchema":"1a1c01bbd47fc00a2c39e90264f33305004495a9","hash":"c118292a1927e1eab82e434d96dbaf2210830503"}
,"/Users/arun/Desktop/Desktop/Portfolios/my-portfolio/src/fonts/font-exporter.js": {"path":"/Users/arun/Desktop/Desktop/Portfolios/my-portfolio/src/fonts/font-exporter.js","statementMap":{"0":{"start":{"line":17,"column":0},"end":{"line":30,"column":2}},"1":{"start":{"line":33,"column":2},"end":{"line":33,"column":95}}},"fnMap":{"0":{"name":"IconComponent","decl":{"start":{"line":32,"column":9},"end":{"line":32,"column":22}},"loc":{"start":{"line":32,"column":30},"end":{"line":34,"column":1}},"line":32}},"branchMap":{"0":{"loc":{"start":{"line":33,"column":72},"end":{"line":33,"column":90}},"type":"binary-expr","locations":[{"start":{"line":33,"column":72},"end":{"line":33,"column":82}},{"start":{"line":33,"column":86},"end":{"line":33,"column":90}}],"line":33}},"s":{"0":4,"1":7},"f":{"0":7},"b":{"0":[7,7]},"_coverageSchema":"1a1c01bbd47fc00a2c39e90264f33305004495a9","hash":"464df7124c94eed64f7145737eb13db0f35955ba"}
,"/Users/arun/Desktop/Desktop/Portfolios/my-portfolio/src/modules/about/about.js": {"path":"/Users/arun/Desktop/Desktop/Portfolios/my-portfolio/src/modules/about/about.js","statementMap":{"0":{"start":{"line":9,"column":0},"end":{"line":9,"column":56}},"1":{"start":{"line":11,"column":15},"end":{"line":11,"column":48}},"2":{"start":{"line":16,"column":4},"end":{"line":16,"column":17}},"3":{"start":{"line":17,"column":4},"end":{"line":17,"column":24}},"4":{"start":{"line":18,"column":4},"end":{"line":18,"column":51}},"5":{"start":{"line":22,"column":20},"end":{"line":34,"column":5}},"6":{"start":{"line":36,"column":18},"end":{"line":36,"column":60}},"7":{"start":{"line":38,"column":4},"end":{"line":38,"column":61}},"8":{"start":{"line":42,"column":18},"end":{"line":42,"column":30}},"9":{"start":{"line":43,"column":14},"end":{"line":43,"column":55}},"10":{"start":{"line":45,"column":28},"end":{"line":47,"column":5}},"11":{"start":{"line":49,"column":4},"end":{"line":112,"column":6}},"12":{"start":{"line":116,"column":0},"end":{"line":116,"column":32}}},"fnMap":{"0":{"name":"(anonymous_0)","decl":{"start":{"line":15,"column":2},"end":{"line":15,"column":3}},"loc":{"start":{"line":15,"column":21},"end":{"line":19,"column":3}},"line":15},"1":{"name":"(anonymous_1)","decl":{"start":{"line":21,"column":2},"end":{"line":21,"column":3}},"loc":{"start":{"line":21,"column":16},"end":{"line":39,"column":3}},"line":21},"2":{"name":"(anonymous_2)","decl":{"start":{"line":41,"column":2},"end":{"line":41,"column":3}},"loc":{"start":{"line":41,"column":11},"end":{"line":113,"column":3}},"line":41}},"branchMap":{},"s":{"0":1,"1":1,"2":1,"3":1,"4":1,"5":0,"6":0,"7":0,"8":1,"9":1,"10":1,"11":1,"12":1},"f":{"0":1,"1":0,"2":1},"b":{},"_coverageSchema":"1a1c01bbd47fc00a2c39e90264f33305004495a9","hash":"f5121d82524ed024e3a6738176800673a189b244"}
,"/Users/arun/Desktop/Desktop/Portfolios/my-portfolio/src/modules/awards/award.js": {"path":"/Users/arun/Desktop/Desktop/Portfolios/my-portfolio/src/modules/awards/award.js","statementMap":{"0":{"start":{"line":3,"column":15},"end":{"line":3,"column":48}},"1":{"start":{"line":7,"column":35},"end":{"line":7,"column":45}},"2":{"start":{"line":9,"column":4},"end":{"line":40,"column":6}},"3":{"start":{"line":15,"column":22},"end":{"line":15,"column":58}},"4":{"start":{"line":16,"column":12},"end":{"line":23,"column":14}},"5":{"start":{"line":28,"column":22},"end":{"line":28,"column":56}},"6":{"start":{"line":29,"column":12},"end":{"line":36,"column":14}}},"fnMap":{"0":{"name":"(anonymous_0)","decl":{"start":{"line":6,"column":2},"end":{"line":6,"column":3}},"loc":{"start":{"line":6,"column":11},"end":{"line":41,"column":3}},"line":6},"1":{"name":"(anonymous_1)","decl":{"start":{"line":14,"column":30},"end":{"line":14,"column":31}},"loc":{"start":{"line":14,"column":50},"end":{"line":24,"column":11}},"line":14},"2":{"name":"(anonymous_2)","decl":{"start":{"line":27,"column":22},"end":{"line":27,"column":23}},"loc":{"start":{"line":27,"column":40},"end":{"line":37,"column":11}},"line":27}},"branchMap":{},"s":{"0":1,"1":1,"2":1,"3":1,"4":1,"5":2,"6":2},"f":{"0":1,"1":1,"2":2},"b":{},"_coverageSchema":"1a1c01bbd47fc00a2c39e90264f33305004495a9","hash":"3bcae160e2b8dfed1fa326169a0b001970e3519e"}
,"/Users/arun/Desktop/Desktop/Portfolios/my-portfolio/src/modules/projects/projects.component.js": {"path":"/Users/arun/Desktop/Desktop/Portfolios/my-portfolio/src/modules/projects/projects.component.js","statementMap":{"0":{"start":{"line":9,"column":15},"end":{"line":9,"column":48}},"1":{"start":{"line":14,"column":32},"end":{"line":14,"column":50}},"2":{"start":{"line":16,"column":16},"end":{"line":16,"column":39}},"3":{"start":{"line":18,"column":22},"end":{"line":18,"column":39}},"4":{"start":{"line":21,"column":16},"end":{"line":21,"column":37}},"5":{"start":{"line":22,"column":4},"end":{"line":22,"column":41}},"6":{"start":{"line":26,"column":22},"end":{"line":26,"column":58}},"7":{"start":{"line":28,"column":4},"end":{"line":34,"column":5}},"8":{"start":{"line":29,"column":6},"end":{"line":29,"column":20}},"9":{"start":{"line":30,"column":6},"end":{"line":30,"column":26}},"10":{"start":{"line":32,"column":6},"end":{"line":32,"column":23}},"11":{"start":{"line":33,"column":6},"end":{"line":33,"column":23}},"12":{"start":{"line":38,"column":16},"end":{"line":38,"column":37}},"13":{"start":{"line":39,"column":4},"end":{"line":39,"column":24}},"14":{"start":{"line":43,"column":4},"end":{"line":43,"column":50}},"15":{"start":{"line":44,"column":4},"end":{"line":44,"column":64}},"16":{"start":{"line":48,"column":4},"end":{"line":90,"column":7}},"17":{"start":{"line":50,"column":6},"end":{"line":52,"column":7}},"18":{"start":{"line":51,"column":8},"end":{"line":51,"column":51}},"19":{"start":{"line":54,"column":6},"end":{"line":89,"column":8}},"20":{"start":{"line":81,"column":16},"end":{"line":81,"column":32}},"21":{"start":{"line":93,"column":2},"end":{"line":97,"column":4}},"22":{"start":{"line":102,"column":4},"end":{"line":102,"column":17}},"23":{"start":{"line":106,"column":4},"end":{"line":112,"column":6}}},"fnMap":{"0":{"name":"Slider","decl":{"start":{"line":13,"column":9},"end":{"line":13,"column":15}},"loc":{"start":{"line":13,"column":20},"end":{"line":98,"column":1}},"line":13},"1":{"name":"scrollToBottom","decl":{"start":{"line":20,"column":11},"end":{"line":20,"column":25}},"loc":{"start":{"line":20,"column":28},"end":{"line":23,"column":3}},"line":20},"2":{"name":"handleScroll","decl":{"start":{"line":25,"column":11},"end":{"line":25,"column":23}},"loc":{"start":{"line":25,"column":31},"end":{"line":35,"column":3}},"line":25},"3":{"name":"scrollToTop","decl":{"start":{"line":37,"column":11},"end":{"line":37,"column":22}},"loc":{"start":{"line":37,"column":25},"end":{"line":40,"column":3}},"line":37},"4":{"name":"isEndOFScroll","decl":{"start":{"line":42,"column":11},"end":{"line":42,"column":24}},"loc":{"start":{"line":42,"column":30},"end":{"line":45,"column":3}},"line":42},"5":{"name":"renderProjects","decl":{"start":{"line":47,"column":11},"end":{"line":47,"column":25}},"loc":{"start":{"line":47,"column":36},"end":{"line":91,"column":3}},"line":47},"6":{"name":"(anonymous_6)","decl":{"start":{"line":48,"column":24},"end":{"line":48,"column":25}},"loc":{"start":{"line":48,"column":44},"end":{"line":90,"column":5}},"line":48},"7":{"name":"(anonymous_7)","decl":{"start":{"line":80,"column":23},"end":{"line":80,"column":24}},"loc":{"start":{"line":80,"column":30},"end":{"line":82,"column":15}},"line":80},"8":{"name":"(anonymous_8)","decl":{"start":{"line":101,"column":2},"end":{"line":101,"column":3}},"loc":{"start":{"line":101,"column":21},"end":{"line":103,"column":3}},"line":101},"9":{"name":"(anonymous_9)","decl":{"start":{"line":105,"column":2},"end":{"line":105,"column":3}},"loc":{"start":{"line":105,"column":11},"end":{"line":113,"column":3}},"line":105}},"branchMap":{"0":{"loc":{"start":{"line":28,"column":4},"end":{"line":34,"column":5}},"type":"if","locations":[{"start":{"line":28,"column":4},"end":{"line":34,"column":5}},{"start":{"line":28,"column":4},"end":{"line":34,"column":5}}],"line":28},"1":{"loc":{"start":{"line":50,"column":6},"end":{"line":52,"column":7}},"type":"if","locations":[{"start":{"line":50,"column":6},"end":{"line":52,"column":7}},{"start":{"line":50,"column":6},"end":{"line":52,"column":7}}],"line":50},"2":{"loc":{"start":{"line":66,"column":15},"end":{"line":70,"column":15}},"type":"binary-expr","locations":[{"start":{"line":66,"column":15},"end":{"line":66,"column":28}},{"start":{"line":67,"column":16},"end":{"line":69,"column":22}}],"line":66},"3":{"loc":{"start":{"line":84,"column":15},"end":{"line":84,"column":149}},"type":"cond-expr","locations":[{"start":{"line":84,"column":36},"end":{"line":84,"column":90}},{"start":{"line":84,"column":93},"end":{"line":84,"column":149}}],"line":84}},"s":{"0":1,"1":3,"2":3,"3":3,"4":0,"5":0,"6":2,"7":2,"8":2,"9":2,"10":0,"11":0,"12":2,"13":2,"14":2,"15":2,"16":3,"17":3,"18":3,"19":3,"20":2,"21":3,"22":4,"23":4},"f":{"0":3,"1":0,"2":2,"3":2,"4":2,"5":3,"6":3,"7":2,"8":4,"9":4},"b":{"0":[2,0],"1":[3,0],"2":[3,3],"3":[0,3]},"_coverageSchema":"1a1c01bbd47fc00a2c39e90264f33305004495a9","hash":"b83fe3e2c023730028c3fb7bb147f7ac95d8789c"}
,"/Users/arun/Desktop/Desktop/Portfolios/my-portfolio/src/modules/resume/resume.js": {"path":"/Users/arun/Desktop/Desktop/Portfolios/my-portfolio/src/modules/resume/resume.js","statementMap":{"0":{"start":{"line":8,"column":4},"end":{"line":149,"column":6}},"1":{"start":{"line":46,"column":24},"end":{"line":75,"column":26}},"2":{"start":{"line":69,"column":36},"end":{"line":69,"column":63}},"3":{"start":{"line":125,"column":24},"end":{"line":138,"column":26}},"4":{"start":{"line":152,"column":18},"end":{"line":152,"column":36}},"5":{"start":{"line":153,"column":4},"end":{"line":157,"column":6}}},"fnMap":{"0":{"name":"(anonymous_0)","decl":{"start":{"line":7,"column":2},"end":{"line":7,"column":3}},"loc":{"start":{"line":7,"column":30},"end":{"line":150,"column":3}},"line":7},"1":{"name":"(anonymous_1)","decl":{"start":{"line":45,"column":48},"end":{"line":45,"column":49}},"loc":{"start":{"line":45,"column":64},"end":{"line":76,"column":23}},"line":45},"2":{"name":"(anonymous_2)","decl":{"start":{"line":68,"column":59},"end":{"line":68,"column":60}},"loc":{"start":{"line":69,"column":36},"end":{"line":69,"column":63}},"line":69},"3":{"name":"(anonymous_3)","decl":{"start":{"line":124,"column":49},"end":{"line":124,"column":50}},"loc":{"start":{"line":124,"column":61},"end":{"line":139,"column":23}},"line":124},"4":{"name":"(anonymous_4)","decl":{"start":{"line":151,"column":2},"end":{"line":151,"column":3}},"loc":{"start":{"line":151,"column":11},"end":{"line":158,"column":3}},"line":151}},"branchMap":{},"s":{"0":1,"1":1,"2":7,"3":1,"4":1,"5":1},"f":{"0":1,"1":1,"2":7,"3":1,"4":1},"b":{},"_coverageSchema":"1a1c01bbd47fc00a2c39e90264f33305004495a9","hash":"7618c3a29bc2ec68906af94166b81eb6d7e2f188"}
,"/Users/arun/Desktop/Desktop/Portfolios/my-portfolio/src/modules/resume-two/resume-two.js": {"path":"/Users/arun/Desktop/Desktop/Portfolios/my-portfolio/src/modules/resume-two/resume-two.js","statementMap":{"0":{"start":{"line":5,"column":15},"end":{"line":5,"column":48}},"1":{"start":{"line":9,"column":14},"end":{"line":9,"column":59}},"2":{"start":{"line":11,"column":4},"end":{"line":239,"column":6}},"3":{"start":{"line":38,"column":26},"end":{"line":45,"column":28}},"4":{"start":{"line":54,"column":26},"end":{"line":61,"column":28}},"5":{"start":{"line":70,"column":26},"end":{"line":77,"column":28}},"6":{"start":{"line":86,"column":26},"end":{"line":93,"column":28}},"7":{"start":{"line":102,"column":26},"end":{"line":109,"column":28}},"8":{"start":{"line":124,"column":18},"end":{"line":137,"column":20}},"9":{"start":{"line":166,"column":20},"end":{"line":172,"column":22}},"10":{"start":{"line":215,"column":22},"end":{"line":230,"column":24}},"11":{"start":{"line":226,"column":30},"end":{"line":226,"column":65}},"12":{"start":{"line":242,"column":18},"end":{"line":242,"column":36}},"13":{"start":{"line":243,"column":4},"end":{"line":247,"column":6}}},"fnMap":{"0":{"name":"(anonymous_0)","decl":{"start":{"line":8,"column":2},"end":{"line":8,"column":3}},"loc":{"start":{"line":8,"column":30},"end":{"line":240,"column":3}},"line":8},"1":{"name":"(anonymous_1)","decl":{"start":{"line":37,"column":69},"end":{"line":37,"column":70}},"loc":{"start":{"line":37,"column":82},"end":{"line":46,"column":25}},"line":37},"2":{"name":"(anonymous_2)","decl":{"start":{"line":53,"column":69},"end":{"line":53,"column":70}},"loc":{"start":{"line":53,"column":82},"end":{"line":62,"column":25}},"line":53},"3":{"name":"(anonymous_3)","decl":{"start":{"line":69,"column":69},"end":{"line":69,"column":70}},"loc":{"start":{"line":69,"column":82},"end":{"line":78,"column":25}},"line":69},"4":{"name":"(anonymous_4)","decl":{"start":{"line":85,"column":69},"end":{"line":85,"column":70}},"loc":{"start":{"line":85,"column":82},"end":{"line":94,"column":25}},"line":85},"5":{"name":"(anonymous_5)","decl":{"start":{"line":101,"column":69},"end":{"line":101,"column":70}},"loc":{"start":{"line":101,"column":82},"end":{"line":110,"column":25}},"line":101},"6":{"name":"(anonymous_6)","decl":{"start":{"line":123,"column":43},"end":{"line":123,"column":44}},"loc":{"start":{"line":123,"column":59},"end":{"line":138,"column":17}},"line":123},"7":{"name":"(anonymous_7)","decl":{"start":{"line":165,"column":48},"end":{"line":165,"column":49}},"loc":{"start":{"line":165,"column":60},"end":{"line":173,"column":19}},"line":165},"8":{"name":"(anonymous_8)","decl":{"start":{"line":214,"column":46},"end":{"line":214,"column":47}},"loc":{"start":{"line":214,"column":66},"end":{"line":231,"column":21}},"line":214},"9":{"name":"(anonymous_9)","decl":{"start":{"line":225,"column":53},"end":{"line":225,"column":54}},"loc":{"start":{"line":225,"column":70},"end":{"line":227,"column":29}},"line":225},"10":{"name":"(anonymous_10)","decl":{"start":{"line":241,"column":2},"end":{"line":241,"column":3}},"loc":{"start":{"line":241,"column":11},"end":{"line":248,"column":3}},"line":241}},"branchMap":{},"s":{"0":2,"1":1,"2":1,"3":1,"4":1,"5":1,"6":1,"7":1,"8":1,"9":1,"10":1,"11":7,"12":1,"13":1},"f":{"0":1,"1":1,"2":1,"3":1,"4":1,"5":1,"6":1,"7":1,"8":1,"9":7,"10":1},"b":{},"_coverageSchema":"1a1c01bbd47fc00a2c39e90264f33305004495a9","hash":"e1db135977c715b46e97fb6d232a4b4a3b73b333"}
,"/Users/arun/Desktop/Desktop/Portfolios/my-portfolio/src/modules/skills/skills.js": {"path":"/Users/arun/Desktop/Desktop/Portfolios/my-portfolio/src/modules/skills/skills.js","statementMap":{"0":{"start":{"line":11,"column":23},"end":{"line":11,"column":34}},"1":{"start":{"line":13,"column":18},"end":{"line":13,"column":30}},"2":{"start":{"line":15,"column":4},"end":{"line":39,"column":6}}},"fnMap":{"0":{"name":"(anonymous_0)","decl":{"start":{"line":12,"column":2},"end":{"line":12,"column":3}},"loc":{"start":{"line":12,"column":11},"end":{"line":40,"column":3}},"line":12}},"branchMap":{},"s":{"0":1,"1":1,"2":1},"f":{"0":1},"b":{},"_coverageSchema":"1a1c01bbd47fc00a2c39e90264f33305004495a9","hash":"a5f5de888f01843724b86178a009e7a4fcf8b40c"}
,"/Users/arun/Desktop/Desktop/Portfolios/my-portfolio/src/utils/utils.js": {"path":"/Users/arun/Desktop/Desktop/Portfolios/my-portfolio/src/utils/utils.js","statementMap":{"0":{"start":{"line":5,"column":2},"end":{"line":8,"column":4}}},"fnMap":{"0":{"name":"utilService","decl":{"start":{"line":4,"column":24},"end":{"line":4,"column":35}},"loc":{"start":{"line":4,"column":38},"end":{"line":9,"column":1}},"line":4}},"branchMap":{},"s":{"0":1},"f":{"0":1},"b":{},"_coverageSchema":"1a1c01bbd47fc00a2c39e90264f33305004495a9","hash":"9ba951fcc75b897a0862639741b856f05de22692"}
}
