TN:
SF:src/app.js
FN:9,(anonymous_0)
FN:12,(anonymous_1)
FNF:2
FNH:0
FNDA:0,(anonymous_0)
FNDA:0,(anonymous_1)
DA:10,0
DA:13,0
LF:2
LH:0
BRF:0
BRH:0
end_of_record
TN:
SF:src/app.routing.js
FNF:0
FNH:0
DA:6,0
LF:1
LH:0
BRF:0
BRH:0
end_of_record
TN:
SF:src/index.js
FNF:0
FNH:0
DA:5,0
DA:6,0
DA:8,0
LF:3
LH:0
BRF:0
BRH:0
end_of_record
TN:
SF:src/BaseComponents/UserContext.js
FN:3,(anonymous_0)
FNF:1
FNH:0
FNDA:0,(anonymous_0)
DA:3,4
DA:5,4
DA:7,4
LF:3
LH:3
BRF:0
BRH:0
end_of_record
TN:
SF:src/BaseComponents/ab.component.js
FN:5,(anonymous_0)
FN:6,(anonymous_1)
FN:7,(anonymous_2)
FN:8,(anonymous_3)
FN:9,(anonymous_4)
FN:15,AbComponent
FNF:6
FNH:0
FNDA:0,(anonymous_0)
FNDA:0,(anonymous_1)
FNDA:0,(anonymous_2)
FNDA:0,(anonymous_3)
FNDA:0,(anonymous_4)
FNDA:0,AbComponent
DA:5,0
DA:6,0
DA:7,0
DA:8,0
DA:9,0
DA:16,0
DA:17,0
DA:18,0
LF:8
LH:0
BRF:0
BRH:0
end_of_record
TN:
SF:src/BaseComponents/gs.component.js
FN:6,(anonymous_0)
FN:7,(anonymous_1)
FN:8,(anonymous_2)
FN:9,(anonymous_3)
FN:10,(anonymous_4)
FN:12,(anonymous_5)
FN:17,GsComponent
FNF:7
FNH:0
FNDA:0,(anonymous_0)
FNDA:0,(anonymous_1)
FNDA:0,(anonymous_2)
FNDA:0,(anonymous_3)
FNDA:0,(anonymous_4)
FNDA:0,(anonymous_5)
FNDA:0,GsComponent
DA:6,0
DA:7,0
DA:8,0
DA:9,0
DA:10,0
DA:12,0
DA:18,0
DA:19,0
DA:20,0
LF:9
LH:0
BRF:0
BRH:0
end_of_record
TN:
SF:src/components/Navigation/nav-link.component.js
FN:5,CustomNavLink
FNF:1
FNH:1
FNDA:1,CustomNavLink
DA:6,1
LF:1
LH:1
BRF:0
BRH:0
end_of_record
TN:
SF:src/components/bar-chart/bar-chart.js
FN:6,(anonymous_0)
FN:8,(anonymous_1)
FNF:2
FNH:2
FNDA:7,(anonymous_0)
FNDA:7,(anonymous_1)
DA:7,7
DA:8,7
DA:10,7
DA:13,7
DA:44,7
DA:58,7
LF:6
LH:6
BRDA:20,0,0,3
BRDA:20,0,1,4
BRDA:38,1,0,3
BRDA:38,1,1,4
BRDA:60,2,0,3
BRDA:60,2,1,4
BRF:6
BRH:6
end_of_record
TN:
SF:src/components/circular-progress/progress.component.js
FN:7,(anonymous_0)
FNF:1
FNH:1
FNDA:1,(anonymous_0)
DA:8,1
LF:1
LH:1
BRF:0
BRH:0
end_of_record
TN:
SF:src/components/doughnut-chart/doughnut-chart.js
FN:5,(anonymous_0)
FN:7,(anonymous_1)
FNF:2
FNH:2
FNDA:2,(anonymous_0)
FNDA:2,(anonymous_1)
DA:6,2
DA:7,2
DA:8,2
DA:10,2
DA:23,2
LF:5
LH:5
BRF:0
BRH:0
end_of_record
TN:
SF:src/components/drawer/drawer.component.js
FN:10,Drawer
FN:47,(anonymous_1)
FNF:2
FNH:2
FNDA:1,Drawer
FNDA:4,(anonymous_1)
DA:11,1
DA:13,1
DA:14,1
DA:16,1
DA:38,1
DA:48,4
LF:6
LH:6
BRF:0
BRH:0
end_of_record
TN:
SF:src/components/pie-chart/pie-chart.js
FN:5,(anonymous_0)
FN:7,(anonymous_1)
FNF:2
FNH:2
FNDA:3,(anonymous_0)
FNDA:3,(anonymous_1)
DA:6,3
DA:7,3
DA:8,3
DA:10,3
DA:20,3
DA:33,3
LF:6
LH:6
BRF:0
BRH:0
end_of_record
TN:
SF:src/content/arun.js
FNF:0
FNH:0
DA:1,0
LF:1
LH:0
BRF:0
BRH:0
end_of_record
TN:
SF:src/content/gomathy.js
FNF:0
FNH:0
DA:1,0
LF:1
LH:0
BRF:0
BRH:0
end_of_record
TN:
SF:src/content/gomathy_desc.js
FNF:0
FNH:0
DA:1,1
LF:1
LH:1
BRF:0
BRH:0
end_of_record
TN:
SF:src/content/short_desc.js
FNF:0
FNH:0
DA:1,5
LF:1
LH:1
BRF:0
BRH:0
end_of_record
TN:
SF:src/fonts/font-exporter.js
FN:32,IconComponent
FNF:1
FNH:1
FNDA:7,IconComponent
DA:17,4
DA:33,7
LF:2
LH:2
BRDA:33,0,0,7
BRDA:33,0,1,7
BRF:2
BRH:2
end_of_record
TN:
SF:src/modules/about/about.js
FN:15,(anonymous_0)
FN:21,(anonymous_1)
FN:41,(anonymous_2)
FNF:3
FNH:2
FNDA:1,(anonymous_0)
FNDA:0,(anonymous_1)
FNDA:1,(anonymous_2)
DA:9,1
DA:11,1
DA:16,1
DA:17,1
DA:18,1
DA:22,0
DA:36,0
DA:38,0
DA:42,1
DA:43,1
DA:45,1
DA:49,1
DA:116,1
LF:13
LH:10
BRF:0
BRH:0
end_of_record
TN:
SF:src/modules/awards/award.js
FN:6,(anonymous_0)
FN:14,(anonymous_1)
FN:27,(anonymous_2)
FNF:3
FNH:3
FNDA:1,(anonymous_0)
FNDA:1,(anonymous_1)
FNDA:2,(anonymous_2)
DA:3,1
DA:7,1
DA:9,1
DA:15,1
DA:16,1
DA:28,2
DA:29,2
LF:7
LH:7
BRF:0
BRH:0
end_of_record
TN:
SF:src/modules/projects/projects.component.js
FN:13,Slider
FN:20,scrollToBottom
FN:25,handleScroll
FN:37,scrollToTop
FN:42,isEndOFScroll
FN:47,renderProjects
FN:48,(anonymous_6)
FN:80,(anonymous_7)
FN:101,(anonymous_8)
FN:105,(anonymous_9)
FNF:10
FNH:9
FNDA:3,Slider
FNDA:0,scrollToBottom
FNDA:2,handleScroll
FNDA:2,scrollToTop
FNDA:2,isEndOFScroll
FNDA:3,renderProjects
FNDA:3,(anonymous_6)
FNDA:2,(anonymous_7)
FNDA:4,(anonymous_8)
FNDA:4,(anonymous_9)
DA:9,1
DA:14,3
DA:16,3
DA:18,3
DA:21,0
DA:22,0
DA:26,2
DA:28,2
DA:29,2
DA:30,2
DA:32,0
DA:33,0
DA:38,2
DA:39,2
DA:43,2
DA:44,2
DA:48,3
DA:50,3
DA:51,3
DA:54,3
DA:81,2
DA:93,3
DA:102,4
DA:106,4
LF:24
LH:20
BRDA:28,0,0,2
BRDA:28,0,1,0
BRDA:50,1,0,3
BRDA:50,1,1,0
BRDA:66,2,0,3
BRDA:66,2,1,3
BRDA:84,3,0,0
BRDA:84,3,1,3
BRF:8
BRH:5
end_of_record
TN:
SF:src/modules/resume/resume.js
FN:7,(anonymous_0)
FN:45,(anonymous_1)
FN:68,(anonymous_2)
FN:124,(anonymous_3)
FN:151,(anonymous_4)
FNF:5
FNH:5
FNDA:1,(anonymous_0)
FNDA:1,(anonymous_1)
FNDA:7,(anonymous_2)
FNDA:1,(anonymous_3)
FNDA:1,(anonymous_4)
DA:8,1
DA:46,1
DA:69,7
DA:125,1
DA:152,1
DA:153,1
LF:6
LH:6
BRF:0
BRH:0
end_of_record
TN:
SF:src/modules/resume-two/resume-two.js
FN:8,(anonymous_0)
FN:37,(anonymous_1)
FN:53,(anonymous_2)
FN:69,(anonymous_3)
FN:85,(anonymous_4)
FN:101,(anonymous_5)
FN:123,(anonymous_6)
FN:165,(anonymous_7)
FN:214,(anonymous_8)
FN:225,(anonymous_9)
FN:241,(anonymous_10)
FNF:11
FNH:11
FNDA:1,(anonymous_0)
FNDA:1,(anonymous_1)
FNDA:1,(anonymous_2)
FNDA:1,(anonymous_3)
FNDA:1,(anonymous_4)
FNDA:1,(anonymous_5)
FNDA:1,(anonymous_6)
FNDA:1,(anonymous_7)
FNDA:1,(anonymous_8)
FNDA:7,(anonymous_9)
FNDA:1,(anonymous_10)
DA:5,2
DA:9,1
DA:11,1
DA:38,1
DA:54,1
DA:70,1
DA:86,1
DA:102,1
DA:124,1
DA:166,1
DA:215,1
DA:226,7
DA:242,1
DA:243,1
LF:14
LH:14
BRF:0
BRH:0
end_of_record
TN:
SF:src/modules/skills/skills.js
FN:12,(anonymous_0)
FNF:1
FNH:1
FNDA:1,(anonymous_0)
DA:11,1
DA:13,1
DA:15,1
LF:3
LH:3
BRF:0
BRH:0
end_of_record
TN:
SF:src/utils/utils.js
FN:4,utilService
FNF:1
FNH:1
FNDA:1,utilService
DA:5,1
LF:1
LH:1
BRF:0
BRH:0
end_of_record
